<?xml version="1.0" encoding="UTF-8"?>
<!-- Generated by org.testng.reporters.JUnitXMLReporter -->
<testsuite ignored="0" hostname="DESKTOP-A9EM23T" failures="0" tests="4" name="Default test" time="8.915" errors="0" timestamp="2024-06-25T16:20:22 EDT">
  <testcase classname="com.api.tests.UserTests" name="setUpData" time="0.746"/>
  <testcase classname="com.api.tests.UserTests" name="testPostUser" time="7.074"/>
  <testcase classname="com.api.tests.UserTests" name="testUpdateUser" time="0.635"/>
  <testcase classname="com.api.tests.UserTests" name="testDeleteUser" time="0.239"/>
</testsuite> <!-- Default test -->
