<?xml version="1.0" encoding="UTF-8"?>
<testng-results ignored="0" total="4" passed="4" failed="0" skipped="0">
  <reporter-output>
  </reporter-output>
  <suite started-at="2024-06-25T23:45:00 EDT" name="PetSuite" finished-at="2024-06-25T23:45:13 EDT" duration-ms="13023">
    <groups>
    </groups>
    <test started-at="2024-06-25T23:45:00 EDT" name="UserTest" finished-at="2024-06-25T23:45:13 EDT" duration-ms="13023">
      <class name="com.api.tests.UserTests">
        <test-method signature="setUpData()[pri:0, instance:com.api.tests.UserTests@1725dc0f]" started-at="2024-06-25T23:45:01 EDT" name="setUpData" finished-at="2024-06-25T23:45:05 EDT" duration-ms="3401" status="PASS">
          <reporter-output>
          </reporter-output>
        </test-method> <!-- setUpData -->
        <test-method signature="testPostUser()[pri:1, instance:com.api.tests.UserTests@1725dc0f]" started-at="2024-06-25T23:45:05 EDT" name="testPostUser" finished-at="2024-06-25T23:45:12 EDT" duration-ms="7539" status="PASS">
          <reporter-output>
          </reporter-output>
        </test-method> <!-- testPostUser -->
        <test-method signature="testUpdateUser()[pri:3, instance:com.api.tests.UserTests@1725dc0f]" started-at="2024-06-25T23:45:12 EDT" name="testUpdateUser" finished-at="2024-06-25T23:45:13 EDT" duration-ms="674" status="PASS">
          <reporter-output>
          </reporter-output>
        </test-method> <!-- testUpdateUser -->
        <test-method signature="testDeleteUser()[pri:4, instance:com.api.tests.UserTests@1725dc0f]" started-at="2024-06-25T23:45:13 EDT" name="testDeleteUser" finished-at="2024-06-25T23:45:13 EDT" duration-ms="262" status="PASS">
          <reporter-output>
          </reporter-output>
        </test-method> <!-- testDeleteUser -->
      </class> <!-- com.api.tests.UserTests -->
    </test> <!-- UserTest -->
  </suite> <!-- PetSuite -->
</testng-results>
