<?xml version="1.0" encoding="UTF-8"?>
<testng-results ignored="0" total="4" passed="4" failed="0" skipped="0">
  <reporter-output>
  </reporter-output>
  <suite started-at="2024-06-25T17:40:41 EDT" name="PetSuite" finished-at="2024-06-25T17:40:47 EDT" duration-ms="6353">
    <groups>
    </groups>
    <test started-at="2024-06-25T17:40:41 EDT" name="UserTest" finished-at="2024-06-25T17:40:47 EDT" duration-ms="6353">
      <class name="com.api.tests.UserTests">
        <test-method signature="setUpData()[pri:0, instance:com.api.tests.UserTests@1bd4fdd]" started-at="2024-06-25T17:40:41 EDT" name="setUpData" finished-at="2024-06-25T17:40:43 EDT" duration-ms="1580" status="PASS">
          <reporter-output>
          </reporter-output>
        </test-method> <!-- setUpData -->
        <test-method signature="testPostUser()[pri:1, instance:com.api.tests.UserTests@1bd4fdd]" started-at="2024-06-25T17:40:43 EDT" name="testPostUser" finished-at="2024-06-25T17:40:46 EDT" duration-ms="3471" status="PASS">
          <reporter-output>
          </reporter-output>
        </test-method> <!-- testPostUser -->
        <test-method signature="testUpdateUser()[pri:3, instance:com.api.tests.UserTests@1bd4fdd]" started-at="2024-06-25T17:40:46 EDT" name="testUpdateUser" finished-at="2024-06-25T17:40:47 EDT" duration-ms="502" status="PASS">
          <reporter-output>
          </reporter-output>
        </test-method> <!-- testUpdateUser -->
        <test-method signature="testDeleteUser()[pri:4, instance:com.api.tests.UserTests@1bd4fdd]" started-at="2024-06-25T17:40:47 EDT" name="testDeleteUser" finished-at="2024-06-25T17:40:47 EDT" duration-ms="237" status="PASS">
          <reporter-output>
          </reporter-output>
        </test-method> <!-- testDeleteUser -->
      </class> <!-- com.api.tests.UserTests -->
    </test> <!-- UserTest -->
  </suite> <!-- PetSuite -->
</testng-results>
