<?xml version="1.0" encoding="UTF-8"?>
<!-- Generated by org.testng.reporters.JUnitXMLReporter -->
<testsuite ignored="0" hostname="DESKTOP-A9EM23T" failures="0" tests="4" name="UserTest" time="6.353" errors="0" timestamp="2024-06-25T17:40:48 EDT">
  <testcase classname="com.api.tests.UserTests" name="setUpData" time="1.58"/>
  <testcase classname="com.api.tests.UserTests" name="testPostUser" time="3.471"/>
  <testcase classname="com.api.tests.UserTests" name="testUpdateUser" time="0.502"/>
  <testcase classname="com.api.tests.UserTests" name="testDeleteUser" time="0.237"/>
</testsuite> <!-- UserTest -->
